<?xml version="1.0" encoding="UTF-8"?>
<!-- Generated by org.testng.reporters.JUnitXMLReporter -->
<testsuite hostname="INHYLNAVATHAK" ignored="0" name="Home Page Test" tests="6" failures="0" timestamp="22 Jun 2019 09:20:58 GMT" time="0.053" errors="0">
  <testcase name="@BeforeClass LaunchBrowser" time="0.027" classname="imdb.moduletestcase.createaccountsignin.CreateAccountPageValidations">
    <failure type="org.openqa.selenium.NoSuchSessionException" message="invalid session id
  (Driver info: chromedriver=2.46.628402 (536cd7adbad73a3783fdc2cab92ab2ba7ec361e1),platform=Windows NT 10.0.17134 x86_64) (WARNING: The server did not provide any stacktrace information)
Command duration or timeout: 0 milliseconds
Build info: version: &amp;apos;3.6.0&amp;apos;, revision: &amp;apos;6fbf3ec767&amp;apos;, time: &amp;apos;2017-09-27T15:28:36.4Z&amp;apos;
System info: host: &amp;apos;INHYLNAVATHAK&amp;apos;, ip: &amp;apos;172.28.164.241&amp;apos;, os.name: &amp;apos;Windows 10&amp;apos;, os.arch: &amp;apos;amd64&amp;apos;, os.version: &amp;apos;10.0&amp;apos;, java.version: &amp;apos;1.8.0_151&amp;apos;
Driver info: org.openqa.selenium.chrome.ChromeDriver
Capabilities [{mobileEmulationEnabled=false, timeouts={implicit=0, pageLoad=300000, script=30000}, hasTouchScreen=false, platform=XP, acceptSslCerts=false, goog:chromeOptions={debuggerAddress=localhost:63975}, acceptInsecureCerts=false, webStorageEnabled=true, browserName=chrome, takesScreenshot=true, javascriptEnabled=true, platformName=XP, setWindowRect=true, unexpectedAlertBehaviour=ignore, applicationCacheEnabled=false, rotatable=false, networkConnectionEnabled=false, chrome={chromedriverVersion=2.46.628402 (536cd7adbad73a3783fdc2cab92ab2ba7ec361e1), userDataDir=C:\Users\navathak\AppData\Local\Temp\scoped_dir29988_25575}, takesHeapSnapshot=true, unhandledPromptBehavior=ignore, pageLoadStrategy=normal, strictFileInteractability=false, databaseEnabled=false, handlesAlerts=true, version=75.0.3770.100, browserConnectionEnabled=false, proxy=Proxy(), nativeEvents=true, locationContextEnabled=true, cssSelectorsEnabled=true}]
Session ID: f1b42679048485b70984b2f39f190444">
      <![CDATA[org.openqa.selenium.NoSuchSessionException: invalid session id
  (Driver info: chromedriver=2.46.628402 (536cd7adbad73a3783fdc2cab92ab2ba7ec361e1),platform=Windows NT 10.0.17134 x86_64) (WARNING: The server did not provide any stacktrace information)
Command duration or timeout: 0 milliseconds
Build info: version: '3.6.0', revision: '6fbf3ec767', time: '2017-09-27T15:28:36.4Z'
System info: host: 'INHYLNAVATHAK', ip: '172.28.164.241', os.name: 'Windows 10', os.arch: 'amd64', os.version: '10.0', java.version: '1.8.0_151'
Driver info: org.openqa.selenium.chrome.ChromeDriver
Capabilities [{mobileEmulationEnabled=false, timeouts={implicit=0, pageLoad=300000, script=30000}, hasTouchScreen=false, platform=XP, acceptSslCerts=false, goog:chromeOptions={debuggerAddress=localhost:63975}, acceptInsecureCerts=false, webStorageEnabled=true, browserName=chrome, takesScreenshot=true, javascriptEnabled=true, platformName=XP, setWindowRect=true, unexpectedAlertBehaviour=ignore, applicationCacheEnabled=false, rotatable=false, networkConnectionEnabled=false, chrome={chromedriverVersion=2.46.628402 (536cd7adbad73a3783fdc2cab92ab2ba7ec361e1), userDataDir=C:\Users\navathak\AppData\Local\Temp\scoped_dir29988_25575}, takesHeapSnapshot=true, unhandledPromptBehavior=ignore, pageLoadStrategy=normal, strictFileInteractability=false, databaseEnabled=false, handlesAlerts=true, version=75.0.3770.100, browserConnectionEnabled=false, proxy=Proxy(), nativeEvents=true, locationContextEnabled=true, cssSelectorsEnabled=true}]
Session ID: f1b42679048485b70984b2f39f190444
	at org.openqa.selenium.remote.ErrorHandler.createThrowable(ErrorHandler.java:214)
	at org.openqa.selenium.remote.ErrorHandler.throwIfResponseFailed(ErrorHandler.java:166)
	at org.openqa.selenium.remote.http.JsonHttpResponseCodec.reconstructValue(JsonHttpResponseCodec.java:40)
	at org.openqa.selenium.remote.http.AbstractHttpResponseCodec.decode(AbstractHttpResponseCodec.java:82)
	at org.openqa.selenium.remote.http.AbstractHttpResponseCodec.decode(AbstractHttpResponseCodec.java:45)
	at org.openqa.selenium.remote.HttpCommandExecutor.execute(HttpCommandExecutor.java:164)
	at org.openqa.selenium.remote.service.DriverCommandExecutor.execute(DriverCommandExecutor.java:83)
	at org.openqa.selenium.remote.RemoteWebDriver.execute(RemoteWebDriver.java:586)
	at org.openqa.selenium.remote.RemoteWebDriver.get(RemoteWebDriver.java:310)
	at imdb.common.util.DriverManager.launchUrl(DriverManager.java:94)
	at imdb.moduletestcase.createaccountsignin.CreateAccountPageValidations.LaunchBrowser(CreateAccountPageValidations.java:34)
... Removed 29 stack frames]]>
    </failure>
  </testcase> <!-- @BeforeClass LaunchBrowser -->
  <testcase name="@AfterClass tearBrowser" time="0.0" classname="imdb.moduletestcase.createaccountsignin.CreateAccountPageValidations">
    <skipped/>
  </testcase> <!-- @AfterClass tearBrowser -->
  <testcase name="TC_01_verifyHomePage" time="0.0" classname="imdb.moduletestcase.createaccountsignin.CreateAccountPageValidations">
    <skipped/>
  </testcase> <!-- TC_01_verifyHomePage -->
  <testcase name="TC_02_clickOnSignInWithOutEnteringanyValues" time="0.0" classname="imdb.moduletestcase.createaccountsignin.CreateAccountPageValidations">
    <skipped/>
  </testcase> <!-- TC_02_clickOnSignInWithOutEnteringanyValues -->
  <testcase name="TC_03_verifyWithMisMatchPassword" time="0.0" classname="imdb.moduletestcase.createaccountsignin.CreateAccountPageValidations">
    <skipped/>
  </testcase> <!-- TC_03_verifyWithMisMatchPassword -->
  <testcase name="TC_04_VerifyExistingEmailAccount" time="0.0" classname="imdb.moduletestcase.createaccountsignin.CreateAccountPageValidations">
    <skipped/>
  </testcase> <!-- TC_04_VerifyExistingEmailAccount -->
  <testcase name="TC_05_VerifyInvalidEmail" time="0.0" classname="imdb.moduletestcase.createaccountsignin.CreateAccountPageValidations">
    <skipped/>
  </testcase> <!-- TC_05_VerifyInvalidEmail -->
  <testcase name="TC_06_signInWithExistingUser" time="0.0" classname="imdb.moduletestcase.createaccountsignin.CreateAccountPageValidations">
    <skipped/>
  </testcase> <!-- TC_06_signInWithExistingUser -->
</testsuite> <!-- Home Page Test -->
